{
  "RSpec": {
    "coverage": {
      "/Users/admin/side-projects/fitbit/app/helpers/application_helper.rb": [
        1,
        null
      ],
      "/Users/admin/side-projects/fitbit/app/helpers/sessions_helper.rb": [
        1,
        null
      ],
      "/Users/admin/side-projects/fitbit/app/models/user.rb": [
        1,
        1,
        null,
        1,
        0,
        0,
        null,
        0,
        0,
        0,
        0,
        0,
        0,
        0,
        0,
        0,
        null,
        null,
        null,
        null
      ],
      "/Users/admin/side-projects/fitbit/app/channels/application_cable/channel.rb": [
        0,
        0,
        0,
        0
      ],
      "/Users/admin/side-projects/fitbit/app/channels/application_cable/connection.rb": [
        0,
        0,
        0,
        0
      ],
      "/Users/admin/side-projects/fitbit/app/controllers/activities_controller.rb": [
        0,
        0,
        0,
        0
      ],
      "/Users/admin/side-projects/fitbit/app/controllers/application_controller.rb": [
        0,
        0,
        0,
        0,
        0,
        0,
        0,
        0,
        0
      ],
      "/Users/admin/side-projects/fitbit/app/controllers/fitbit_api_controlller.rb": [
        0,
        0,
        0,
        0,
        0,
        0,
        0,
        0,
        0,
        0,
        0,
        0,
        0,
        0,
        0,
        0
      ],
      "/Users/admin/side-projects/fitbit/app/controllers/profiles_controller.rb": [
        0,
        0,
        0,
        0,
        0,
        0,
        0,
        0,
        0,
        0,
        0,
        0,
        0,
        0,
        0,
        0,
        0,
        0
      ],
      "/Users/admin/side-projects/fitbit/app/controllers/sessions_controller.rb": [
        0,
        0,
        0,
        0,
        0,
        0,
        0,
        0,
        0,
        0,
        0,
        0,
        0
      ],
      "/Users/admin/side-projects/fitbit/app/jobs/application_job.rb": [
        0,
        0
      ],
      "/Users/admin/side-projects/fitbit/app/mailers/application_mailer.rb": [
        0,
        0,
        0,
        0
      ],
      "/Users/admin/side-projects/fitbit/app/models/application_record.rb": [
        0,
        0,
        0
      ],
      "/Users/admin/side-projects/fitbit/app/models/fitbit_data.rb": [
        0,
        0,
        0
      ],
      "/Users/admin/side-projects/fitbit/app/models/profile.rb": [
        0,
        0,
        0
      ]
    },
    "timestamp": 1498773877
  }
}
